[35m[Appium][39m Welcome to Appium v1.19.0
[35m[Appium][39m Non-default server args:
[35m[Appium][39m   port: 55607
[35m[Appium][39m   loglevel: info
[35m[Appium][39m   tmpDir: C:\Users\Bri\AppData\Local\Temp\\Katalon\Appium\Temp1605711308456
[35m[Appium][39m   chromedriverPort: 55609
[35m[Appium][39m Deprecated server args:
[35m[Appium][39m   [31m--chromedriver-port[39m => --default-capabilities
[35m[Appium][39m Default capabilities, which will be added to each request unless overridden by desired capabilities:
[35m[Appium][39m   chromedriverPort: 55609
[35m[Appium][39m Appium REST http interface listener started on 0.0.0.0:55607
[35m[HTTP][39m [37m-->[39m [37mGET[39m [37m/wd/hub/status[39m
[35m[HTTP][39m [90m{}[39m
[35m[HTTP][39m [37m<-- GET /wd/hub/status [39m[32m200[39m [90m11 ms - 68[39m
[35m[HTTP][39m [90m[39m
[35m[HTTP][39m [37m-->[39m [37mGET[39m [37m/wd/hub/status[39m
[35m[HTTP][39m [90m{}[39m
[35m[HTTP][39m [37m<-- GET /wd/hub/status [39m[32m200[39m [90m3 ms - 68[39m
[35m[HTTP][39m [90m[39m
[35m[HTTP][39m [37m-->[39m [37mPOST[39m [37m/wd/hub/session[39m
[35m[HTTP][39m [90m{"desiredCapabilities":{"app":"C:\\Users\\Bri\\Downloads\\ECommerceSAMPLEAndroid-201016-115534.apk","noReset":true,"deviceName":"emulator-5554 (sdk_gphone_x86_arm - Android 11)","fullReset":false,"platform":"ANDROID","newCommandTimeout":1800,"platformVersion":"11","automationName":"uiautomator2","autoGrantPermissions":true,"platformName":"Android","udid":"emulator-5554","systemPort":55627},"capabilities":{"firstMatch":[{"appium:app":"C:\\Users\\Bri\\Downloads\\ECommerceSAMPLEAndroid-201016-115534.apk","appium:autoGrantPermissions":true,"appium:automationName":"uiautomator2","appium:deviceName":"emulator-5554 (sdk_gphone_x86_arm - Android 11)","appium:fullReset":false,"appium:newCommandTimeout":1800,"appium:noReset":true,"platform":"ANDROID","platformName":"android","appium:platformVersion":"11","appium:systemPort":55627,"appium:udid":"emulator-5554"}]}}[39m
[35m[BaseDriver][39m The following capabilities are not standard capabilities and should have an extension prefix:
[35m[BaseDriver][39m   platform
[35m[BaseDriver][39m   chromedriverPort
[35m[Appium][39m Appium v1.19.0 creating new AndroidUiautomator2Driver (v1.59.0) session
[35m[BaseDriver][39m The following capabilities were provided, but are not recognized by Appium:
[35m[BaseDriver][39m   platform
[35m[BaseDriver][39m Session created with session id: 36663c6b-7ea8-4bc7-b232-88b78d1459a4
[35m[BaseDriver][39m Using local app 'C:\Users\Bri\Downloads\ECommerceSAMPLEAndroid-201016-115534.apk'
[35m[ADB][39m Found 1 'build-tools' folders under 'C:\Users\Bri\.katalon\tools\android_sdk' (newest first):
[35m[ADB][39m     C:/Users/Bri/.katalon/tools/android_sdk/build-tools/29.0.3
[35m[ADB][39m Using 'adb.exe' from 'C:\Users\Bri\.katalon\tools\android_sdk\platform-tools\adb.exe'
[35m[AndroidDriver][39m Retrieving device list
[35m[AndroidDriver][39m Using device: emulator-5554
[35m[ADB][39m Using 'adb.exe' from 'C:\Users\Bri\.katalon\tools\android_sdk\platform-tools\adb.exe'
[35m[ADB][39m Getting device platform version
[35m[UiAutomator2][39m Relaxing hidden api policy
[35m[ADB][39m Package name: 'com.solodroid.solomerce'
[35m[ADB][39m Main activity name: 'com.solodroid.solomerce.activities.ActivitySplash'
[35m[ADB][39m Using 'apksigner.jar' from 'C:\Users\Bri\.katalon\tools\android_sdk\build-tools\29.0.3\lib\apksigner.jar'
[35m[ADB][39m 'C:\Users\Bri\AppData\Roaming\npm\node_modules\appium\node_modules\appium-uiautomator2-server\apks\appium-uiautomator2-server-v4.15.0.apk' is signed with the default certificate
[35m[ADB][39m 'C:\Users\Bri\AppData\Roaming\npm\node_modules\appium\node_modules\appium-uiautomator2-server\apks\appium-uiautomator2-server-debug-androidTest.apk' is signed with the default certificate
[35m[UiAutomator2][39m Server packages are not going to be (re)installed
[35m[ADB][39m 'C:\Users\Bri\Downloads\ECommerceSAMPLEAndroid-201016-115534.apk' is signed with a non-default certificate
[35m[ADB][39m The application at 'C:\Users\Bri\Downloads\ECommerceSAMPLEAndroid-201016-115534.apk' will not be cached, because the device under test has confirmed the support of streamed installs
[35m[ADB][39m The installation of 'ECommerceSAMPLEAndroid-201016-115534.apk' took 3953ms
[35m[UiAutomator2][39m Starting UIAutomator2 server 4.15.0
[35m[UiAutomator2][39m Using UIAutomator2 server from 'C:\Users\Bri\AppData\Roaming\npm\node_modules\appium\node_modules\appium-uiautomator2-server\apks\appium-uiautomator2-server-v4.15.0.apk' and test from 'C:\Users\Bri\AppData\Roaming\npm\node_modules\appium\node_modules\appium-uiautomator2-server\apks\appium-uiautomator2-server-debug-androidTest.apk'
[35m[UiAutomator2][39m Waiting up to 30000ms for UiAutomator2 to be online...
[35m[WD Proxy][39m socket hang up
[35m[WD Proxy][39m socket hang up
[35m[WD Proxy][39m socket hang up
[35m[WD Proxy][39m socket hang up
[35m[WD Proxy][39m Determined the downstream protocol as 'W3C'
[35m[AndroidDriver][39m Screen already unlocked, doing nothing
[35m[UiAutomator2][39m Starting 'com.solodroid.solomerce/com.solodroid.solomerce.activities.ActivitySplash and waiting for 'com.solodroid.solomerce/com.solodroid.solomerce.activities.ActivitySplash'
[35m[Appium][39m New AndroidUiautomator2Driver session created successfully, session 36663c6b-7ea8-4bc7-b232-88b78d1459a4 added to master session list
[35m[HTTP][39m [37m<-- POST /wd/hub/session [39m[32m200[39m [90m25756 ms - 1327[39m
[35m[HTTP][39m [90m[39m
[35m[HTTP][39m [37m-->[39m [37mGET[39m [37m/wd/hub/session/36663c6b-7ea8-4bc7-b232-88b78d1459a4[39m
[35m[HTTP][39m [90m{}[39m
[35m[HTTP][39m [37m<-- GET /wd/hub/session/36663c6b-7ea8-4bc7-b232-88b78d1459a4 [39m[32m200[39m [90m80 ms - 1281[39m
[35m[HTTP][39m [90m[39m
[35m[HTTP][39m [37m-->[39m [37mGET[39m [37m/wd/hub/session/36663c6b-7ea8-4bc7-b232-88b78d1459a4[39m
[35m[HTTP][39m [90m{}[39m
[35m[HTTP][39m [37m<-- GET /wd/hub/session/36663c6b-7ea8-4bc7-b232-88b78d1459a4 [39m[32m200[39m [90m64 ms - 1281[39m
[35m[HTTP][39m [90m[39m
[35m[HTTP][39m [37m-->[39m [37mGET[39m [37m/wd/hub/status[39m
[35m[HTTP][39m [90m{}[39m
[35m[HTTP][39m [37m<-- GET /wd/hub/status [39m[32m200[39m [90m2 ms - 68[39m
[35m[HTTP][39m [90m[39m
[35m[HTTP][39m [37m-->[39m [37mPOST[39m [37m/wd/hub/session/36663c6b-7ea8-4bc7-b232-88b78d1459a4/timeouts[39m
[35m[HTTP][39m [90m{"implicit":60000}[39m
[35m[HTTP][39m [37m<-- POST /wd/hub/session/36663c6b-7ea8-4bc7-b232-88b78d1459a4/timeouts [39m[32m200[39m [90m6 ms - 14[39m
[35m[HTTP][39m [90m[39m
[35m[HTTP][39m [37m-->[39m [37mGET[39m [37m/wd/hub/session/36663c6b-7ea8-4bc7-b232-88b78d1459a4/source[39m
[35m[HTTP][39m [90m{}[39m
[35m[W3C (36663c6b)][39m Driver proxy active, passing request on via HTTP proxy
[35m[WD Proxy][39m Replacing sessionId e9db87a0-d99b-4559-ad35-bd3a220f2efe with 36663c6b-7ea8-4bc7-b232-88b78d1459a4
[35m[HTTP][39m [37m<-- GET /wd/hub/session/36663c6b-7ea8-4bc7-b232-88b78d1459a4/source [39m[32m200[39m [90m584 ms - 3233[39m
[35m[HTTP][39m [90m[39m
[35m[HTTP][39m [37m-->[39m [37mGET[39m [37m/wd/hub/session/36663c6b-7ea8-4bc7-b232-88b78d1459a4/screenshot[39m
[35m[HTTP][39m [90m{}[39m
[35m[HTTP][39m [37m<-- GET /wd/hub/session/36663c6b-7ea8-4bc7-b232-88b78d1459a4/screenshot [39m[32m200[39m [90m1688 ms - 342728[39m
[35m[HTTP][39m [90m[39m
[35m[HTTP][39m [37m-->[39m [37mGET[39m [37m/wd/hub/session/36663c6b-7ea8-4bc7-b232-88b78d1459a4/source[39m
[35m[HTTP][39m [90m{}[39m
[35m[W3C (36663c6b)][39m Driver proxy active, passing request on via HTTP proxy
[35m[WD Proxy][39m Replacing sessionId e9db87a0-d99b-4559-ad35-bd3a220f2efe with 36663c6b-7ea8-4bc7-b232-88b78d1459a4
[35m[HTTP][39m [37m<-- GET /wd/hub/session/36663c6b-7ea8-4bc7-b232-88b78d1459a4/source [39m[32m200[39m [90m534 ms - 34087[39m
[35m[HTTP][39m [90m[39m
[35m[HTTP][39m [37m-->[39m [37mGET[39m [37m/wd/hub/session/36663c6b-7ea8-4bc7-b232-88b78d1459a4/screenshot[39m
[35m[HTTP][39m [90m{}[39m
[35m[HTTP][39m [37m<-- GET /wd/hub/session/36663c6b-7ea8-4bc7-b232-88b78d1459a4/screenshot [39m[32m200[39m [90m1690 ms - 1545378[39m
[35m[HTTP][39m [90m[39m
[35m[HTTP][39m [37m-->[39m [37mPOST[39m [37m/wd/hub/session/36663c6b-7ea8-4bc7-b232-88b78d1459a4/elements[39m
[35m[HTTP][39m [90m{"using":"accessibility id","value":"Profile"}[39m
[35m[HTTP][39m [37m<-- POST /wd/hub/session/36663c6b-7ea8-4bc7-b232-88b78d1459a4/elements [39m[32m200[39m [90m194 ms - 139[39m
[35m[HTTP][39m [90m[39m
[35m[HTTP][39m [37m-->[39m [37mGET[39m [37m/wd/hub/session/36663c6b-7ea8-4bc7-b232-88b78d1459a4/window/rect[39m
[35m[HTTP][39m [90m{}[39m
[35m[HTTP][39m [37m<-- GET /wd/hub/session/36663c6b-7ea8-4bc7-b232-88b78d1459a4/window/rect [39m[32m200[39m [90m42 ms - 50[39m
[35m[HTTP][39m [90m[39m
[35m[HTTP][39m [37m-->[39m [37mPOST[39m [37m/wd/hub/session/36663c6b-7ea8-4bc7-b232-88b78d1459a4/elements[39m
[35m[HTTP][39m [90m{"using":"accessibility id","value":"Profile"}[39m
[35m[HTTP][39m [37m<-- POST /wd/hub/session/36663c6b-7ea8-4bc7-b232-88b78d1459a4/elements [39m[32m200[39m [90m126 ms - 139[39m
[35m[HTTP][39m [90m[39m
[35m[HTTP][39m [37m-->[39m [37mGET[39m [37m/wd/hub/session/36663c6b-7ea8-4bc7-b232-88b78d1459a4/element/b54f754e-57b7-41fe-81ab-19388c99c678/location[39m
[35m[HTTP][39m [90m{}[39m
[35m[W3C (36663c6b)][39m Driver proxy active, passing request on via HTTP proxy
[35m[WD Proxy][39m Replacing sessionId e9db87a0-d99b-4559-ad35-bd3a220f2efe with 36663c6b-7ea8-4bc7-b232-88b78d1459a4
[35m[HTTP][39m [37m<-- GET /wd/hub/session/36663c6b-7ea8-4bc7-b232-88b78d1459a4/element/b54f754e-57b7-41fe-81ab-19388c99c678/location [39m[32m200[39m [90m42 ms - 79[39m
[35m[HTTP][39m [90m[39m
[35m[HTTP][39m [37m-->[39m [37mPOST[39m [37m/wd/hub/session/36663c6b-7ea8-4bc7-b232-88b78d1459a4/touch/perform[39m
[35m[HTTP][39m [90m{"actions":[{"action":"tap","options":{"x":1,"y":1,"element":"b54f754e-57b7-41fe-81ab-19388c99c678"}}]}[39m
[35m[UiAutomator2][39m calling get location: b54f754e-57b7-41fe-81ab-19388c99c678
[35m[HTTP][39m [37m<-- POST /wd/hub/session/36663c6b-7ea8-4bc7-b232-88b78d1459a4/touch/perform [39m[32m200[39m [90m258 ms - 14[39m
[35m[HTTP][39m [90m[39m
[35m[HTTP][39m [37m-->[39m [37mGET[39m [37m/wd/hub/session/36663c6b-7ea8-4bc7-b232-88b78d1459a4/source[39m
[35m[HTTP][39m [90m{}[39m
[35m[W3C (36663c6b)][39m Driver proxy active, passing request on via HTTP proxy
[35m[WD Proxy][39m Replacing sessionId e9db87a0-d99b-4559-ad35-bd3a220f2efe with 36663c6b-7ea8-4bc7-b232-88b78d1459a4
[35m[HTTP][39m [37m<-- GET /wd/hub/session/36663c6b-7ea8-4bc7-b232-88b78d1459a4/source [39m[32m200[39m [90m503 ms - 27537[39m
[35m[HTTP][39m [90m[39m
[35m[HTTP][39m [37m-->[39m [37mGET[39m [37m/wd/hub/session/36663c6b-7ea8-4bc7-b232-88b78d1459a4/screenshot[39m
[35m[HTTP][39m [90m{}[39m
[35m[HTTP][39m [37m<-- GET /wd/hub/session/36663c6b-7ea8-4bc7-b232-88b78d1459a4/screenshot [39m[32m200[39m [90m643 ms - 132218[39m
[35m[HTTP][39m [90m[39m
[35m[HTTP][39m [37m-->[39m [37mPOST[39m [37m/wd/hub/session/36663c6b-7ea8-4bc7-b232-88b78d1459a4/elements[39m
[35m[HTTP][39m [90m{"using":"id","value":"com.solodroid.solomerce:id/btn_order_history"}[39m
[35m[HTTP][39m [37m<-- POST /wd/hub/session/36663c6b-7ea8-4bc7-b232-88b78d1459a4/elements [39m[32m200[39m [90m109 ms - 139[39m
[35m[HTTP][39m [90m[39m
[35m[HTTP][39m [37m-->[39m [37mGET[39m [37m/wd/hub/session/36663c6b-7ea8-4bc7-b232-88b78d1459a4/window/rect[39m
[35m[HTTP][39m [90m{}[39m
[35m[HTTP][39m [37m<-- GET /wd/hub/session/36663c6b-7ea8-4bc7-b232-88b78d1459a4/window/rect [39m[32m200[39m [90m29 ms - 50[39m
[35m[HTTP][39m [90m[39m
[35m[HTTP][39m [37m-->[39m [37mPOST[39m [37m/wd/hub/session/36663c6b-7ea8-4bc7-b232-88b78d1459a4/elements[39m
[35m[HTTP][39m [90m{"using":"id","value":"com.solodroid.solomerce:id/btn_order_history"}[39m
[35m[HTTP][39m [37m<-- POST /wd/hub/session/36663c6b-7ea8-4bc7-b232-88b78d1459a4/elements [39m[32m200[39m [90m79 ms - 139[39m
[35m[HTTP][39m [90m[39m
[35m[HTTP][39m [37m-->[39m [37mGET[39m [37m/wd/hub/session/36663c6b-7ea8-4bc7-b232-88b78d1459a4/element/73540666-9442-4808-a32d-b757dcda352b/location[39m
[35m[HTTP][39m [90m{}[39m
[35m[W3C (36663c6b)][39m Driver proxy active, passing request on via HTTP proxy
[35m[WD Proxy][39m Replacing sessionId e9db87a0-d99b-4559-ad35-bd3a220f2efe with 36663c6b-7ea8-4bc7-b232-88b78d1459a4
[35m[HTTP][39m [37m<-- GET /wd/hub/session/36663c6b-7ea8-4bc7-b232-88b78d1459a4/element/73540666-9442-4808-a32d-b757dcda352b/location [39m[32m200[39m [90m26 ms - 76[39m
[35m[HTTP][39m [90m[39m
[35m[HTTP][39m [37m-->[39m [37mPOST[39m [37m/wd/hub/session/36663c6b-7ea8-4bc7-b232-88b78d1459a4/touch/perform[39m
[35m[HTTP][39m [90m{"actions":[{"action":"tap","options":{"x":1,"y":1,"element":"73540666-9442-4808-a32d-b757dcda352b"}}]}[39m
[35m[UiAutomator2][39m calling get location: 73540666-9442-4808-a32d-b757dcda352b
[35m[HTTP][39m [37m<-- POST /wd/hub/session/36663c6b-7ea8-4bc7-b232-88b78d1459a4/touch/perform [39m[32m200[39m [90m185 ms - 14[39m
[35m[HTTP][39m [90m[39m
[35m[HTTP][39m [37m-->[39m [37mGET[39m [37m/wd/hub/session/36663c6b-7ea8-4bc7-b232-88b78d1459a4/source[39m
[35m[HTTP][39m [90m{}[39m
[35m[W3C (36663c6b)][39m Driver proxy active, passing request on via HTTP proxy
[35m[WD Proxy][39m Replacing sessionId e9db87a0-d99b-4559-ad35-bd3a220f2efe with 36663c6b-7ea8-4bc7-b232-88b78d1459a4
[35m[HTTP][39m [37m<-- GET /wd/hub/session/36663c6b-7ea8-4bc7-b232-88b78d1459a4/source [39m[32m200[39m [90m904 ms - 7508[39m
[35m[HTTP][39m [90m[39m
[35m[HTTP][39m [37m-->[39m [37mGET[39m [37m/wd/hub/session/36663c6b-7ea8-4bc7-b232-88b78d1459a4/screenshot[39m
[35m[HTTP][39m [90m{}[39m
[35m[HTTP][39m [37m<-- GET /wd/hub/session/36663c6b-7ea8-4bc7-b232-88b78d1459a4/screenshot [39m[32m200[39m [90m643 ms - 174668[39m
[35m[HTTP][39m [90m[39m
[35m[HTTP][39m [37m-->[39m [37mDELETE[39m [37m/wd/hub/session/36663c6b-7ea8-4bc7-b232-88b78d1459a4[39m
[35m[HTTP][39m [90m{}[39m
[35m[Appium][39m Removing session 36663c6b-7ea8-4bc7-b232-88b78d1459a4 from our master session list
[35m[UiAutomator2][39m Restoring hidden api policy to the device default configuration
